Arguments: 
  /usr/bin/node /usr/bin/yarn install

PATH: 
  /usr/local/bin:/usr/bin:/bin:/usr/local/sbin:/var/lib/flatpak/exports/bin:/usr/lib/jvm/default/bin:/usr/bin/site_perl:/usr/bin/vendor_perl:/usr/bin/core_perl:/var/lib/snapd/snap/bin

Yarn version: 
  1.22.11

Node version: 
  16.8.0

Platform: 
  linux x64

Trace: 
  Error: EACCES: permission denied, unlink '/home/ntl870/PetProjects/cra-template-ntl870-ts/node_modules/.yarn-integrity'

npm manifest: 
  {
    "name": "cra-template-ntl870-ts",
    "version": "1.0.5",
    "description": "Custom CRA template (typescript)",
    "main": "index.js",
    "scripts": {
  
    },
    "keywords": [
      "\"template\""
    ],
    "author": "ntl870",
    "license": "ISC",
    "engines": {
      "node": ">=10"
    },
    "files": [
      "template",
      "template.json"
    ],
    "dependencies": {
      "eslint-plugin-jsx-a11y": "^6.2.3",
      "serve": "^11.2.0"
    }
  }

yarn manifest: 
  No manifest

Lockfile: 
  # THIS IS AN AUTOGENERATED FILE. DO NOT EDIT THIS FILE DIRECTLY.
  # yarn lockfile v1
  
  
  cra-template-ntl870-ts@^1.0.2:
    version "1.0.2"
    resolved "https://registry.yarnpkg.com/cra-template-ntl870-ts/-/cra-template-ntl870-ts-1.0.2.tgz#f62e661a37aba455eae36a5d4a4431cd508fbb21"
    integrity sha512-501W1AalDsPEIHzU/JUMSmeEeHzLBQjH9chT8WaoEpx1yFgo0GOhLJKaKCE5U+7UXbeckODq3CrsTLOBQARq2A==
  
  dom-walk@^0.1.0:
    version "0.1.2"
    resolved "https://registry.yarnpkg.com/dom-walk/-/dom-walk-0.1.2.tgz#0c548bef048f4d1f2a97249002236060daa3fd84"
    integrity sha512-6QvTW9mrGeIegrFXdtQi9pk7O/nSK6lSdXW2eqUspN5LWD7UTji2Fqw5V2YLjBpHEoU9Xl/eUWNpDeZvoyOv2w==
  
  global@^4.4.0:
    version "4.4.0"
    resolved "https://registry.yarnpkg.com/global/-/global-4.4.0.tgz#3e7b105179006a323ed71aafca3e9c57a5cc6406"
    integrity sha512-wv/LAoHdRE3BeTGz53FAamhGlPLhlssK45usmGFThIi4XqnBmjKQ16u+RNbP7WvigRZDxUsM0J3gcQ5yicaL0w==
    dependencies:
      min-document "^2.19.0"
      process "^0.11.10"
  
  min-document@^2.19.0:
    version "2.19.0"
    resolved "https://registry.yarnpkg.com/min-document/-/min-document-2.19.0.tgz#7bd282e3f5842ed295bb748cdd9f1ffa2c824685"
    integrity sha1-e9KC4/WELtKVu3SM3Z8f+iyCRoU=
    dependencies:
      dom-walk "^0.1.0"
  
  process@^0.11.10:
    version "0.11.10"
    resolved "https://registry.yarnpkg.com/process/-/process-0.11.10.tgz#7332300e840161bda3e69a1d1d91a7d4bc16f182"
    integrity sha1-czIwDoQBYb2j5podHZGn1LwW8YI=
